<?xml version="1.0" encoding="UTF-8"?>
<testsuite xmlns:xsi="http://www.w3.org/2001/XMLSchema-instance" xsi:noNamespaceSchemaLocation="https://maven.apache.org/surefire/maven-surefire-plugin/xsd/surefire-test-report.xsd" version="3.0.2" name="gr.hua.dit.ds.grp41.rentalmanagement.RentalmanagementApplicationTests" time="3.178" tests="1" errors="0" skipped="0" failures="0">
  <properties>
[...]
</properties>
  <testcase name="contextLoads" classname="gr.hua.dit.ds.grp41.rentalmanagement.RentalmanagementApplicationTests" time="0.259">
    <system-out><![CDATA[15:53:24.785 [main] INFO org.springframework.test.context.support.AnnotationConfigContextLoaderUtils -- Could not detect default configuration classes for test class [gr.hua.dit.ds.grp41.rentalmanagement.RentalmanagementApplicationTests]: RentalmanagementApplicationTests does not declare any static, non-private, non-final, nested classes annotated with @Configuration.
15:53:24.832 [main] INFO org.springframework.boot.test.context.SpringBootTestContextBootstrapper -- Found @SpringBootConfiguration gr.hua.dit.ds.grp41.rentalmanagement.RentalmanagementApplication for test class gr.hua.dit.ds.grp41.rentalmanagement.RentalmanagementApplicationTests
15:53:24.878 [main] INFO org.springframework.boot.devtools.restart.RestartApplicationListener -- Restart disabled due to context in which it is running

  .   ____          _            __ _ _
 /\\ / ___'_ __ _ _(_)_ __  __ _ \ \ \ \
( ( )\___ | '_ | '_| | '_ \/ _` | \ \ \ \
 \\/  ___)| |_)| | | | | || (_| |  ) ) ) )
  '  |____| .__|_| |_|_| |_\__, | / / / /
 =========|_|==============|___/=/_/_/_/

 :: Spring Boot ::                (v3.4.0)

2025-06-29T15:53:24.963+03:00  INFO 72011 --- [           main] d.d.g.r.RentalmanagementApplicationTests : Starting RentalmanagementApplicationTests using Java 23.0.1 with PID 72011 (started by paraskevipanagopoulou in /Users/paraskevipanagopoulou/Documents/DevopsGiannis/realEstate_backend)
2025-06-29T15:53:24.963+03:00  INFO 72011 --- [           main] d.d.g.r.RentalmanagementApplicationTests : No active profile set, falling back to 1 default profile: "default"
2025-06-29T15:53:25.362+03:00  INFO 72011 --- [           main] .s.d.r.c.RepositoryConfigurationDelegate : Bootstrapping Spring Data JPA repositories in DEFAULT mode.
2025-06-29T15:53:25.387+03:00  INFO 72011 --- [           main] .s.d.r.c.RepositoryConfigurationDelegate : Finished Spring Data repository scanning in 21 ms. Found 6 JPA repository interfaces.
2025-06-29T15:53:25.668+03:00  INFO 72011 --- [           main] o.hibernate.jpa.internal.util.LogHelper  : HHH000204: Processing PersistenceUnitInfo [name: default]
2025-06-29T15:53:25.684+03:00  INFO 72011 --- [           main] org.hibernate.Version                    : HHH000412: Hibernate ORM core version 6.6.2.Final
2025-06-29T15:53:25.694+03:00  INFO 72011 --- [           main] o.h.c.internal.RegionFactoryInitiator    : HHH000026: Second-level cache disabled
2025-06-29T15:53:25.788+03:00  INFO 72011 --- [           main] o.s.o.j.p.SpringPersistenceUnitInfo      : No LoadTimeWeaver setup: ignoring JPA class transformer
2025-06-29T15:53:25.797+03:00  INFO 72011 --- [           main] com.zaxxer.hikari.HikariDataSource       : HikariPool-1 - Starting...
2025-06-29T15:53:25.868+03:00  INFO 72011 --- [           main] com.zaxxer.hikari.pool.HikariPool        : HikariPool-1 - Added connection conn0: url=jdbc:h2:mem:test user=DBUSER
2025-06-29T15:53:25.869+03:00  INFO 72011 --- [           main] com.zaxxer.hikari.HikariDataSource       : HikariPool-1 - Start completed.
2025-06-29T15:53:25.877+03:00  WARN 72011 --- [           main] org.hibernate.orm.deprecation            : HHH90000025: H2Dialect does not need to be specified explicitly using 'hibernate.dialect' (remove the property setting and it will be selected by default)
2025-06-29T15:53:25.885+03:00  INFO 72011 --- [           main] org.hibernate.orm.connections.pooling    : HHH10001005: Database info:
	Database JDBC URL [Connecting through datasource 'HikariDataSource (HikariPool-1)']
	Database driver: undefined/unknown
	Database version: 2.3.232
	Autocommit mode: undefined/unknown
	Isolation level: undefined/unknown
	Minimum pool size: undefined/unknown
	Maximum pool size: undefined/unknown
2025-06-29T15:53:26.241+03:00  INFO 72011 --- [           main] o.h.e.t.j.p.i.JtaPlatformInitiator       : HHH000489: No JTA platform available (set 'hibernate.transaction.jta.platform' to enable JTA platform integration)
Hibernate: 
    create table owner (
        id integer generated by default as identity,
        email varchar(255),
        first_name varchar(255),
        last_name varchar(255),
        phone_number varchar(255),
        user_id integer,
        primary key (id)
    )
Hibernate: 
    create table owner_property (
        owner_id integer not null,
        property_id integer not null
    )
Hibernate: 
    create table property (
        id integer generated by default as identity,
        bath_num integer,
        bed_num integer,
        built_year integer,
        city varchar(255),
        hasac boolean,
        has_balcony boolean,
        has_garden boolean,
        has_heating boolean,
        has_parking boolean,
        is_approved boolean,
        is_furnished boolean,
        pets_allowed boolean,
        price bigint,
        renovation_year integer,
        room_num integer,
        size integer,
        street varchar(255),
        street_num integer,
        owner_id integer,
        tenant_id integer,
        primary key (id)
    )
Hibernate: 
    create table request (
        id integer generated by default as identity,
        is_rental_request boolean,
        is_viewing_approved boolean,
        owner_id integer,
        property_id integer,
        tenant_id integer,
        primary key (id)
    )
Hibernate: 
    create table roles (
        id integer generated by default as identity,
        name varchar(20),
        primary key (id)
    )
Hibernate: 
    create table tenant (
        id integer generated by default as identity,
        email varchar(255),
        first_name varchar(255),
        last_name varchar(255),
        user_id integer,
        primary key (id)
    )
Hibernate: 
    create table user_roles (
        user_id integer not null,
        role_id integer not null,
        primary key (user_id, role_id)
    )
Hibernate: 
    create table users (
        id integer generated by default as identity,
        email varchar(255),
        is_approved boolean,
        password varchar(255),
        username varchar(255),
        primary key (id)
    )
Hibernate: 
    alter table if exists owner 
       drop constraint if exists UK8nrpb1o74o0ol4ejcymyffplg
Hibernate: 
    alter table if exists owner 
       add constraint UK8nrpb1o74o0ol4ejcymyffplg unique (user_id)
Hibernate: 
    alter table if exists owner_property 
       drop constraint if exists UKtev2q1gvjhm6584k9y45xbiuj
Hibernate: 
    alter table if exists owner_property 
       add constraint UKtev2q1gvjhm6584k9y45xbiuj unique (owner_id, property_id)
Hibernate: 
    alter table if exists owner_property 
       drop constraint if exists UKb9vjptyl20qkns6yagvp3adbj
Hibernate: 
    alter table if exists owner_property 
       add constraint UKb9vjptyl20qkns6yagvp3adbj unique (property_id)
Hibernate: 
    alter table if exists tenant 
       drop constraint if exists UKimjhq4hbs88b71ne778ht8wvy
Hibernate: 
    alter table if exists tenant 
       add constraint UKimjhq4hbs88b71ne778ht8wvy unique (user_id)
Hibernate: 
    alter table if exists users 
       drop constraint if exists UKr43af9ap4edm43mmtq01oddj6
Hibernate: 
    alter table if exists users 
       add constraint UKr43af9ap4edm43mmtq01oddj6 unique (username)
Hibernate: 
    alter table if exists users 
       drop constraint if exists UK6dotkott2kjsp8vw4d0m25fb7
Hibernate: 
    alter table if exists users 
       add constraint UK6dotkott2kjsp8vw4d0m25fb7 unique (email)
Hibernate: 
    alter table if exists owner 
       add constraint FKsk80mgxau4fje7xby9j990rb 
       foreign key (user_id) 
       references users
Hibernate: 
    alter table if exists owner_property 
       add constraint FKamlqk7xje7slt2oj30ecxkir5 
       foreign key (property_id) 
       references property
Hibernate: 
    alter table if exists owner_property 
       add constraint FKtna8wmv8j3ty1t3iapy3hew0p 
       foreign key (owner_id) 
       references owner
Hibernate: 
    alter table if exists property 
       add constraint FKj2cohq7sjhdetbls088cupcu3 
       foreign key (owner_id) 
       references owner
Hibernate: 
    alter table if exists property 
       add constraint FKmgtkws7pk1ya447gyseyysnnj 
       foreign key (tenant_id) 
       references tenant
Hibernate: 
    alter table if exists request 
       add constraint FK9vk3rkinx5nx12b3wdvsunx3x 
       foreign key (owner_id) 
       references owner
Hibernate: 
    alter table if exists request 
       add constraint FKckkthesv1bn2kopwq4wrw3xiw 
       foreign key (property_id) 
       references property
Hibernate: 
    alter table if exists request 
       add constraint FK9nbxjvp7a75eqok71995w4inf 
       foreign key (tenant_id) 
       references tenant
Hibernate: 
    alter table if exists tenant 
       add constraint FKf6mtynlkmjtjrgg5rf2kjwcqi 
       foreign key (user_id) 
       references users
Hibernate: 
    alter table if exists user_roles 
       add constraint FKh8ciramu9cc9q3qcqiv4ue8a6 
       foreign key (role_id) 
       references roles
Hibernate: 
    alter table if exists user_roles 
       add constraint FKhfh9dx7w3ubf1co1vdev94g3f 
       foreign key (user_id) 
       references users
2025-06-29T15:53:26.278+03:00  INFO 72011 --- [           main] j.LocalContainerEntityManagerFactoryBean : Initialized JPA EntityManagerFactory for persistence unit 'default'
2025-06-29T15:53:26.548+03:00  INFO 72011 --- [           main] r$InitializeUserDetailsManagerConfigurer : Global AuthenticationManager configured with UserDetailsService bean with name userDetailsServiceImpl
Hibernate: 
    select
        r1_0.id,
        r1_0.name 
    from
        roles r1_0 
    where
        r1_0.name=?
Hibernate: 
    insert 
    into
        roles
        (name, id) 
    values
        (?, default)
Hibernate: 
    select
        r1_0.id,
        r1_0.name 
    from
        roles r1_0 
    where
        r1_0.name=?
Hibernate: 
    insert 
    into
        roles
        (name, id) 
    values
        (?, default)
Hibernate: 
    select
        r1_0.id,
        r1_0.name 
    from
        roles r1_0 
    where
        r1_0.name=?
Hibernate: 
    insert 
    into
        roles
        (name, id) 
    values
        (?, default)
Hibernate: 
    select
        u1_0.id 
    from
        users u1_0 
    where
        u1_0.username=? 
    fetch
        first ? rows only
Hibernate: 
    select
        r1_0.id,
        r1_0.name 
    from
        roles r1_0 
    where
        r1_0.name=?
Hibernate: 
    insert 
    into
        users
        (email, is_approved, password, username, id) 
    values
        (?, ?, ?, ?, default)
Hibernate: 
    insert 
    into
        user_roles
        (user_id, role_id) 
    values
        (?, ?)
Hibernate: 
    select
        u1_0.id 
    from
        users u1_0 
    where
        u1_0.username=? 
    fetch
        first ? rows only
Hibernate: 
    select
        r1_0.id,
        r1_0.name 
    from
        roles r1_0 
    where
        r1_0.name=?
Hibernate: 
    insert 
    into
        users
        (email, is_approved, password, username, id) 
    values
        (?, ?, ?, ?, default)
Hibernate: 
    insert 
    into
        user_roles
        (user_id, role_id) 
    values
        (?, ?)
Hibernate: 
    insert 
    into
        tenant
        (email, first_name, last_name, user_id, id) 
    values
        (?, ?, ?, ?, default)
Hibernate: 
    select
        u1_0.id 
    from
        users u1_0 
    where
        u1_0.username=? 
    fetch
        first ? rows only
Hibernate: 
    select
        r1_0.id,
        r1_0.name 
    from
        roles r1_0 
    where
        r1_0.name=?
Hibernate: 
    insert 
    into
        users
        (email, is_approved, password, username, id) 
    values
        (?, ?, ?, ?, default)
Hibernate: 
    insert 
    into
        user_roles
        (user_id, role_id) 
    values
        (?, ?)
Hibernate: 
    insert 
    into
        owner
        (email, first_name, last_name, phone_number, user_id, id) 
    values
        (?, ?, ?, ?, ?, default)
2025-06-29T15:53:26.921+03:00  WARN 72011 --- [           main] JpaBaseConfiguration$JpaWebConfiguration : spring.jpa.open-in-view is enabled by default. Therefore, database queries may be performed during view rendering. Explicitly configure spring.jpa.open-in-view to disable this warning
2025-06-29T15:53:27.020+03:00  INFO 72011 --- [           main] .i.s.PathMatchingResourcePatternResolver : Skipping search for files matching pattern [**/*.class]: directory [/Users/paraskevipanagopoulou/Documents/DevopsGiannis/realEstate_backend/target/test-classes/gr/hua/dit/ds/grp41/rentalmanagement/entities] does not exist
2025-06-29T15:53:27.226+03:00  INFO 72011 --- [           main] o.s.b.a.e.web.EndpointLinksResolver      : Exposing 1 endpoint beneath base path '/actuator'
2025-06-29T15:53:27.392+03:00  WARN 72011 --- [           main] ion$DefaultTemplateResolverConfiguration : Cannot find template location: classpath:/templates/ (please add some templates, check your Thymeleaf configuration, or set spring.thymeleaf.check-template-location=false)
2025-06-29T15:53:27.564+03:00  INFO 72011 --- [           main] o.s.b.t.m.w.SpringBootMockServletContext : Initializing Spring TestDispatcherServlet ''
2025-06-29T15:53:27.565+03:00  INFO 72011 --- [           main] o.s.t.web.servlet.TestDispatcherServlet  : Initializing Servlet ''
2025-06-29T15:53:27.565+03:00  INFO 72011 --- [           main] o.s.t.web.servlet.TestDispatcherServlet  : Completed initialization in 0 ms
2025-06-29T15:53:27.595+03:00  INFO 72011 --- [           main] d.d.g.r.RentalmanagementApplicationTests : Started RentalmanagementApplicationTests in 2.721 seconds (process running for 3.087)
]]></system-out>
    <system-err><![CDATA[Mockito is currently self-attaching to enable the inline-mock-maker. This will no longer work in future releases of the JDK. Please add Mockito as an agent to your build what is described in Mockito's documentation: https://javadoc.io/doc/org.mockito/mockito-core/latest/org/mockito/Mockito.html#0.3
WARNING: A Java agent has been loaded dynamically (/Users/paraskevipanagopoulou/.m2/repository/net/bytebuddy/byte-buddy-agent/1.15.10/byte-buddy-agent-1.15.10.jar)
WARNING: If a serviceability tool is in use, please run with -XX:+EnableDynamicAgentLoading to hide this warning
WARNING: If a serviceability tool is not in use, please run with -Djdk.instrument.traceUsage for more information
WARNING: Dynamic loading of agents will be disallowed by default in a future release
]]></system-err>
  </testcase>
</testsuite>